<?xml version="1.0" encoding="UTF-8"?>
<!-- Generated by org.testng.reporters.JUnitReportReporter -->
<testsuite skipped="0" hostname="admins-MacBook-Air.local" name="LoginSpree" tests="1" failures="0" timestamp="09 Dec 2019 06:41:47 GMT" time="6.108" errors="0">
  <testcase name="verifyLoginLogout" time="6.108" classname="LoginSpree"/>
</testsuite> <!-- LoginSpree -->
